2025-07-28 15:16:31.126 [main] INFO  c.f.w.WebSocketFrameworkApplication - Starting WebSocketFrameworkApplication using Java 1.8.0_202 on DESKTOP-EGK8BP4 with PID 32032 (D:\workTool\IdeaProjects\websocket-framework\target\classes started by admin in D:\workTool\IdeaProjects\websocket-framework)
2025-07-28 15:16:31.139 [main] DEBUG c.f.w.WebSocketFrameworkApplication - Running with Spring Boot v2.7.0, Spring v5.3.20
2025-07-28 15:16:31.140 [main] INFO  c.f.w.WebSocketFrameworkApplication - No active profile set, falling back to 1 default profile: "default"
2025-07-28 15:16:32.637 [main] INFO  o.s.d.r.c.RepositoryConfigurationDelegate - Multiple Spring Data modules found, entering strict repository configuration mode!
2025-07-28 15:16:32.644 [main] INFO  o.s.d.r.c.RepositoryConfigurationDelegate - Bootstrapping Spring Data Redis repositories in DEFAULT mode.
2025-07-28 15:16:32.766 [main] INFO  o.s.d.r.c.RepositoryConfigurationDelegate - Finished Spring Data repository scanning in 70 ms. Found 0 Redis repository interfaces.
2025-07-28 15:16:35.052 [main] INFO  o.s.b.w.e.tomcat.TomcatWebServer - Tomcat initialized with port(s): 8080 (http)
2025-07-28 15:16:35.081 [main] INFO  o.a.catalina.core.StandardService - Starting service [Tomcat]
2025-07-28 15:16:35.082 [main] INFO  o.a.catalina.core.StandardEngine - Starting Servlet engine: [Apache Tomcat/9.0.63]
2025-07-28 15:16:35.642 [main] INFO  o.a.c.c.C.[Tomcat].[localhost].[/] - Initializing Spring embedded WebApplicationContext
2025-07-28 15:16:35.643 [main] INFO  o.s.b.w.s.c.ServletWebServerApplicationContext - Root WebApplicationContext: initialization completed in 4339 ms
2025-07-28 15:16:37.960 [main] INFO  c.f.w.event.WebSocketEventBus - WebSocket事件总线初始化完成
2025-07-28 15:16:38.188 [main] INFO  c.f.w.event.WebSocketEventBus - WebSocket事件订阅者注册成功: WebSocketMetricsCollector
2025-07-28 15:16:38.193 [main] INFO  c.f.w.m.WebSocketMetricsCollector - WebSocket指标收集器已启用并注册到事件总线
2025-07-28 15:16:38.230 [main] INFO  c.f.w.p.WebSocketServiceProcessor - WebSocket服务注册成功: serviceId=chatroom, serviceName=聊天室服务, beanName=chatRoomWebSocketService, class=ChatRoomWebSocketService
2025-07-28 15:16:38.239 [main] INFO  c.f.w.p.WebSocketServiceProcessor - WebSocket服务注册成功: serviceId=notification, serviceName=通知推送服务, beanName=notificationWebSocketService, class=NotificationWebSocketService
2025-07-28 15:16:38.273 [main] INFO  c.f.w.event.WebSocketEventBus - WebSocket事件订阅者注册成功: WebSocketMessageHandlerDispatcher
2025-07-28 15:16:38.273 [main] INFO  c.f.w.h.WebSocketMessageHandlerDispatcher - WebSocketMessageHandlerDispatcher初始化完成, 注册了3个消息处理器, 1个拦截器
2025-07-28 15:16:39.891 [main] INFO  o.s.b.w.e.tomcat.TomcatWebServer - Tomcat started on port(s): 8080 (http) with context path ''
2025-07-28 15:16:39.923 [WebSocket-1] DEBUG c.f.w.s.WebSocketSessionCleaner - 开始清理无效WebSocket会话
2025-07-28 15:16:39.929 [main] INFO  c.f.w.WebSocketFrameworkApplication - Started WebSocketFrameworkApplication in 10.009 seconds (JVM running for 15.036)
2025-07-28 15:16:44.084 [http-nio-8080-exec-1] INFO  o.a.c.c.C.[Tomcat].[localhost].[/] - Initializing Spring DispatcherServlet 'dispatcherServlet'
2025-07-28 15:16:44.084 [http-nio-8080-exec-1] INFO  o.s.web.servlet.DispatcherServlet - Initializing Servlet 'dispatcherServlet'
2025-07-28 15:16:44.085 [http-nio-8080-exec-1] INFO  o.s.web.servlet.DispatcherServlet - Completed initialization in 1 ms
2025-07-28 15:17:39.934 [WebSocket-2] DEBUG c.f.w.s.WebSocketSessionCleaner - 开始清理无效WebSocket会话
2025-07-28 15:17:53.557 [SpringApplicationShutdownHook] INFO  c.f.w.event.WebSocketEventBus - WebSocket事件订阅者取消注册成功: WebSocketMessageHandlerDispatcher
2025-07-28 15:17:53.557 [SpringApplicationShutdownHook] INFO  c.f.w.h.WebSocketMessageHandlerDispatcher - WebSocketMessageHandlerDispatcher已取消EventBus订阅
2025-07-28 15:17:53.558 [SpringApplicationShutdownHook] INFO  c.f.w.event.WebSocketEventBus - WebSocket事件总线线程池已关闭
